Build started 08.12.2011 22:56:39.
     1>Project "C:\Users\yahya\Desktop\c++ calısmaları\c++\snake\snake\snake.vcxproj" on node 2 (build target(s)).
     1>InitializeBuildStatus:
         Creating "Debug\snake.unsuccessfulbuild" because "AlwaysCreate" was specified.
       ClCompile:
         c:\Program Files\Microsoft Visual Studio 10.0\VC\bin\CL.exe /c /ZI /nologo /W3 /WX- /Od /Oy- /D "WIN32" /D _DEBUG /D _CONSOLE /D "_UNICODE" /D "UNICODE" /Gm /EHsc /RTC1 /MDd /GS /fp:precise /Zc:wchar_t /Zc:forScope /Fo"Debug\\" /Fd"Debug\vc100.pdb" /Gd /TP /analyze- /errorReport:prompt snake.cpp
         snake.cpp
     1>c:\users\yahya\desktop\c++ calısmaları\c++\snake\snake\snake.cpp(255): warning C4244: 'argument' : conversion from 'time_t' to 'unsigned int', possible loss of data
     1>c:\users\yahya\desktop\c++ calısmaları\c++\snake\snake\snake.cpp(276): warning C4996: 'kbhit': The POSIX name for this item is deprecated. Instead, use the ISO C++ conformant name: _kbhit. See online help for details.
                 c:\program files\microsoft visual studio 10.0\vc\include\conio.h(130) : see declaration of 'kbhit'
     1>c:\users\yahya\desktop\c++ calısmaları\c++\snake\snake\snake.cpp(276): warning C4996: 'getch': The POSIX name for this item is deprecated. Instead, use the ISO C++ conformant name: _getch. See online help for details.
                 c:\program files\microsoft visual studio 10.0\vc\include\conio.h(128) : see declaration of 'getch'
     1>c:\users\yahya\desktop\c++ calısmaları\c++\snake\snake\snake.cpp(278): warning C4996: 'getch': The POSIX name for this item is deprecated. Instead, use the ISO C++ conformant name: _getch. See online help for details.
                 c:\program files\microsoft visual studio 10.0\vc\include\conio.h(128) : see declaration of 'getch'
       ManifestResourceCompile:
         All outputs are up-to-date.
       Link:
         c:\Program Files\Microsoft Visual Studio 10.0\VC\bin\link.exe /ERRORREPORT:PROMPT /OUT:"C:\Users\yahya\Desktop\c++ calısmaları\c++\snake\Debug\snake.exe" /INCREMENTAL /NOLOGO kernel32.lib user32.lib gdi32.lib winspool.lib comdlg32.lib advapi32.lib shell32.lib ole32.lib oleaut32.lib uuid.lib odbc32.lib odbccp32.lib /MANIFEST /ManifestFile:"Debug\snake.exe.intermediate.manifest" /MANIFESTUAC:"level='asInvoker' uiAccess='false'" /DEBUG /PDB:"C:\Users\yahya\Desktop\c++ calısmaları\c++\snake\Debug\snake.pdb" /SUBSYSTEM:CONSOLE /TLBID:1 /DYNAMICBASE /NXCOMPAT /IMPLIB:"C:\Users\yahya\Desktop\c++ calısmaları\c++\snake\Debug\snake.lib" /MACHINE:X86 Debug\snake.exe.embed.manifest.res
         Debug\snake.obj
       Manifest:
         c:\Program Files\Microsoft SDKs\Windows\v7.0A\bin\mt.exe /nologo /verbose /out:"Debug\snake.exe.embed.manifest" /manifest Debug\snake.exe.intermediate.manifest
         All outputs are up-to-date.
       LinkEmbedManifest:
         All outputs are up-to-date.
         snake.vcxproj -> C:\Users\yahya\Desktop\c++ calısmaları\c++\snake\Debug\snake.exe
       FinalizeBuildStatus:
         Deleting file "Debug\snake.unsuccessfulbuild".
         Touching "Debug\snake.lastbuildstate".
     1>Done Building Project "C:\Users\yahya\Desktop\c++ calısmaları\c++\snake\snake\snake.vcxproj" (build target(s)).

Build succeeded.

Time Elapsed 00:00:01.70
